# Logfile created on 2014-03-17 17:51:23 +0000 by logger.rb/44203
I, [2014-03-17T17:51:23.642436 #12217]  INFO -- : 0:  rack (1.5.2) from /Users/tobyretallick/.rvm/gems/ruby-2.1.0/specifications/rack-1.5.2.gemspec
I, [2014-03-17T17:51:23.643142 #12217]  INFO -- : 0:  rack-protection (1.5.2) from /Users/tobyretallick/.rvm/gems/ruby-2.1.0/specifications/rack-protection-1.5.2.gemspec
I, [2014-03-17T17:51:23.643750 #12217]  INFO -- : 0:  shotgun (0.9) from /Users/tobyretallick/.rvm/gems/ruby-2.1.0/specifications/shotgun-0.9.gemspec
I, [2014-03-17T17:51:23.644247 #12217]  INFO -- : 0:  tilt (1.4.1) from /Users/tobyretallick/.rvm/gems/ruby-2.1.0/specifications/tilt-1.4.1.gemspec
I, [2014-03-17T17:51:23.644731 #12217]  INFO -- : 0:  sinatra (1.4.4) from /Users/tobyretallick/.rvm/gems/ruby-2.1.0/specifications/sinatra-1.4.4.gemspec
I, [2014-03-17T17:51:23.645201 #12217]  INFO -- : 0:  bundler (1.5.1) from /Users/tobyretallick/.rvm/gems/ruby-2.1.0@global/specifications/bundler-1.5.1.gemspec
I, [2014-03-19T14:15:16.410499 #579]  INFO -- : 0:  rack (1.5.2) from /Users/tobyretallick/.rvm/gems/ruby-2.1.0/specifications/rack-1.5.2.gemspec
I, [2014-03-19T14:15:16.411445 #579]  INFO -- : 0:  rack-protection (1.5.2) from /Users/tobyretallick/.rvm/gems/ruby-2.1.0/specifications/rack-protection-1.5.2.gemspec
I, [2014-03-19T14:15:16.411759 #579]  INFO -- : 0:  shotgun (0.9) from /Users/tobyretallick/.rvm/gems/ruby-2.1.0/specifications/shotgun-0.9.gemspec
I, [2014-03-19T14:15:16.412039 #579]  INFO -- : 0:  tilt (1.4.1) from /Users/tobyretallick/.rvm/gems/ruby-2.1.0/specifications/tilt-1.4.1.gemspec
I, [2014-03-19T14:15:16.412319 #579]  INFO -- : 0:  sinatra (1.4.4) from /Users/tobyretallick/.rvm/gems/ruby-2.1.0/specifications/sinatra-1.4.4.gemspec
I, [2014-03-19T14:15:17.849785 #579]  INFO -- : 0:  sinatra-partial (0.4.0) from /Users/tobyretallick/.rvm/gems/ruby-2.1.0/specifications/sinatra-partial-0.4.0.gemspec
I, [2014-03-19T14:15:17.850172 #579]  INFO -- : 0:  bundler (1.5.1) from /Users/tobyretallick/.rvm/gems/ruby-2.1.0@global/specifications/bundler-1.5.1.gemspec
I, [2014-03-19T14:18:15.198014 #584]  INFO -- : 0:  rack (1.5.2) from /Users/tobyretallick/.rvm/gems/ruby-2.1.0/specifications/rack-1.5.2.gemspec
I, [2014-03-19T14:18:16.885078 #584]  INFO -- : 0:  rack-flash3 (1.0.5) from /Users/tobyretallick/.rvm/gems/ruby-2.1.0/specifications/rack-flash3-1.0.5.gemspec
I, [2014-03-19T14:18:16.885461 #584]  INFO -- : 0:  rack-protection (1.5.2) from /Users/tobyretallick/.rvm/gems/ruby-2.1.0/specifications/rack-protection-1.5.2.gemspec
I, [2014-03-19T14:18:16.885739 #584]  INFO -- : 0:  shotgun (0.9) from /Users/tobyretallick/.rvm/gems/ruby-2.1.0/specifications/shotgun-0.9.gemspec
I, [2014-03-19T14:18:16.886004 #584]  INFO -- : 0:  tilt (1.4.1) from /Users/tobyretallick/.rvm/gems/ruby-2.1.0/specifications/tilt-1.4.1.gemspec
I, [2014-03-19T14:18:16.886278 #584]  INFO -- : 0:  sinatra (1.4.4) from /Users/tobyretallick/.rvm/gems/ruby-2.1.0/specifications/sinatra-1.4.4.gemspec
I, [2014-03-19T14:18:16.886537 #584]  INFO -- : 0:  sinatra-partial (0.4.0) from /Users/tobyretallick/.rvm/gems/ruby-2.1.0/specifications/sinatra-partial-0.4.0.gemspec
I, [2014-03-19T14:18:16.886787 #584]  INFO -- : 0:  bundler (1.5.1) from /Users/tobyretallick/.rvm/gems/ruby-2.1.0@global/specifications/bundler-1.5.1.gemspec
I, [2014-03-19T14:30:22.197257 #656]  INFO -- : 0:  rack (1.5.2) from /Users/tobyretallick/.rvm/gems/ruby-2.1.0/specifications/rack-1.5.2.gemspec
I, [2014-03-19T14:30:22.197635 #656]  INFO -- : 0:  rack-flash3 (1.0.5) from /Users/tobyretallick/.rvm/gems/ruby-2.1.0/specifications/rack-flash3-1.0.5.gemspec
I, [2014-03-19T14:30:22.197908 #656]  INFO -- : 0:  rack-protection (1.5.2) from /Users/tobyretallick/.rvm/gems/ruby-2.1.0/specifications/rack-protection-1.5.2.gemspec
I, [2014-03-19T14:30:22.198191 #656]  INFO -- : 0:  shotgun (0.9) from /Users/tobyretallick/.rvm/gems/ruby-2.1.0/specifications/shotgun-0.9.gemspec
I, [2014-03-19T14:30:22.198487 #656]  INFO -- : 0:  tilt (1.4.1) from /Users/tobyretallick/.rvm/gems/ruby-2.1.0/specifications/tilt-1.4.1.gemspec
I, [2014-03-19T14:30:22.200736 #656]  INFO -- : 0:  sinatra (1.4.4) from /Users/tobyretallick/.rvm/gems/ruby-2.1.0/specifications/sinatra-1.4.4.gemspec
I, [2014-03-19T14:30:22.201093 #656]  INFO -- : 0:  sinatra-partial (0.4.0) from /Users/tobyretallick/.rvm/gems/ruby-2.1.0/specifications/sinatra-partial-0.4.0.gemspec
I, [2014-03-19T14:30:22.201369 #656]  INFO -- : 0:  bundler (1.5.1) from /Users/tobyretallick/.rvm/gems/ruby-2.1.0@global/specifications/bundler-1.5.1.gemspec
I, [2014-03-19T14:59:58.650732 #818]  INFO -- : 0:  rack (1.5.2) from /Users/tobyretallick/.rvm/gems/ruby-2.1.0/specifications/rack-1.5.2.gemspec
I, [2014-03-19T14:59:58.651127 #818]  INFO -- : 0:  rack-flash3 (1.0.5) from /Users/tobyretallick/.rvm/gems/ruby-2.1.0/specifications/rack-flash3-1.0.5.gemspec
I, [2014-03-19T14:59:58.651517 #818]  INFO -- : 0:  rack-protection (1.5.2) from /Users/tobyretallick/.rvm/gems/ruby-2.1.0/specifications/rack-protection-1.5.2.gemspec
I, [2014-03-19T14:59:58.651840 #818]  INFO -- : 0:  shotgun (0.9) from /Users/tobyretallick/.rvm/gems/ruby-2.1.0/specifications/shotgun-0.9.gemspec
I, [2014-03-19T14:59:58.652136 #818]  INFO -- : 0:  tilt (1.4.1) from /Users/tobyretallick/.rvm/gems/ruby-2.1.0/specifications/tilt-1.4.1.gemspec
I, [2014-03-19T14:59:58.652465 #818]  INFO -- : 0:  sinatra (1.4.4) from /Users/tobyretallick/.rvm/gems/ruby-2.1.0/specifications/sinatra-1.4.4.gemspec
I, [2014-03-19T14:59:58.654749 #818]  INFO -- : 0:  sinatra-partial (0.4.0) from /Users/tobyretallick/.rvm/gems/ruby-2.1.0/specifications/sinatra-partial-0.4.0.gemspec
I, [2014-03-19T14:59:58.655191 #818]  INFO -- : 0:  bundler (1.5.1) from /Users/tobyretallick/.rvm/gems/ruby-2.1.0@global/specifications/bundler-1.5.1.gemspec
I, [2014-03-21T12:45:38.550657 #1356]  INFO -- : 0:  newrelic_rpm (3.7.3.204) from /Users/tobyretallick/.rvm/gems/ruby-2.1.0/specifications/newrelic_rpm-3.7.3.204.gemspec
I, [2014-03-21T12:45:38.551450 #1356]  INFO -- : 0:  rack (1.5.2) from /Users/tobyretallick/.rvm/gems/ruby-2.1.0/specifications/rack-1.5.2.gemspec
I, [2014-03-21T12:45:38.551804 #1356]  INFO -- : 0:  rack-flash3 (1.0.5) from /Users/tobyretallick/.rvm/gems/ruby-2.1.0/specifications/rack-flash3-1.0.5.gemspec
I, [2014-03-21T12:45:38.552134 #1356]  INFO -- : 0:  rack-protection (1.5.2) from /Users/tobyretallick/.rvm/gems/ruby-2.1.0/specifications/rack-protection-1.5.2.gemspec
I, [2014-03-21T12:45:38.552524 #1356]  INFO -- : 0:  shotgun (0.9) from /Users/tobyretallick/.rvm/gems/ruby-2.1.0/specifications/shotgun-0.9.gemspec
I, [2014-03-21T12:45:38.552819 #1356]  INFO -- : 0:  tilt (1.4.1) from /Users/tobyretallick/.rvm/gems/ruby-2.1.0/specifications/tilt-1.4.1.gemspec
I, [2014-03-21T12:45:38.553136 #1356]  INFO -- : 0:  sinatra (1.4.4) from /Users/tobyretallick/.rvm/gems/ruby-2.1.0/specifications/sinatra-1.4.4.gemspec
I, [2014-03-21T12:45:38.553456 #1356]  INFO -- : 0:  sinatra-partial (0.4.0) from /Users/tobyretallick/.rvm/gems/ruby-2.1.0/specifications/sinatra-partial-0.4.0.gemspec
I, [2014-03-21T12:45:38.553765 #1356]  INFO -- : 0:  bundler (1.5.1) from /Users/tobyretallick/.rvm/gems/ruby-2.1.0@global/specifications/bundler-1.5.1.gemspec
I, [2014-03-21T13:57:25.189320 #1519]  INFO -- : 0:  newrelic_rpm (3.7.3.204) from /Users/tobyretallick/.rvm/gems/ruby-2.1.0/specifications/newrelic_rpm-3.7.3.204.gemspec
I, [2014-03-21T13:57:25.189687 #1519]  INFO -- : 0:  rack (1.5.2) from /Users/tobyretallick/.rvm/gems/ruby-2.1.0/specifications/rack-1.5.2.gemspec
I, [2014-03-21T13:57:25.190043 #1519]  INFO -- : 0:  rack-flash3 (1.0.5) from /Users/tobyretallick/.rvm/gems/ruby-2.1.0/specifications/rack-flash3-1.0.5.gemspec
I, [2014-03-21T13:57:25.192284 #1519]  INFO -- : 0:  rack-protection (1.5.2) from /Users/tobyretallick/.rvm/gems/ruby-2.1.0/specifications/rack-protection-1.5.2.gemspec
I, [2014-03-21T13:57:25.192734 #1519]  INFO -- : 0:  shotgun (0.9) from /Users/tobyretallick/.rvm/gems/ruby-2.1.0/specifications/shotgun-0.9.gemspec
I, [2014-03-21T13:57:25.193094 #1519]  INFO -- : 0:  tilt (1.4.1) from /Users/tobyretallick/.rvm/gems/ruby-2.1.0/specifications/tilt-1.4.1.gemspec
I, [2014-03-21T13:57:25.193475 #1519]  INFO -- : 0:  sinatra (1.4.4) from /Users/tobyretallick/.rvm/gems/ruby-2.1.0/specifications/sinatra-1.4.4.gemspec
I, [2014-03-21T13:57:25.193803 #1519]  INFO -- : 0:  sinatra-partial (0.4.0) from /Users/tobyretallick/.rvm/gems/ruby-2.1.0/specifications/sinatra-partial-0.4.0.gemspec
I, [2014-03-21T13:57:25.194118 #1519]  INFO -- : 0:  bundler (1.5.1) from /Users/tobyretallick/.rvm/gems/ruby-2.1.0@global/specifications/bundler-1.5.1.gemspec
